=== DECOMPRESSION DEBUG MODE ===
Alphabet size: 4
minW: 3, maxW: 3, maxCode: 8

[EXPAND] Read FIRST code=2 (W=3)
[EXPAND] Output "a"

[EXPAND] Read code=3 (W=3, nextCode=5)
[EXPAND] Code in dictionary: "b"
[EXPAND] Output "b"
[EXPAND] Move PREVIOUS code=2
[EXPAND] Add to dictionary: "ab" -> code=5
  LRU ADD: code=5 key="ab"
  LRU Queue after ADD: [5:"ab"]

[EXPAND] Read code=5 (W=3, nextCode=6)
[EXPAND] Code in dictionary: "ab"
[EXPAND] Output "ab"
[EXPAND] Move PREVIOUS code=3
[EXPAND] Add to dictionary: "ba" -> code=6
  LRU ADD: code=6 key="ba"
  LRU Queue after ADD: [6:"ba", 5:"ab"]

[EXPAND] Read code=7 (W=3, nextCode=7)
[EXPAND] Special case (code==nextCode): s = valPrior + valPrior[0] = "aba"
[EXPAND] Output "aba"
[EXPAND] Move PREVIOUS code=5
  LRU MOVE: code=5
  LRU Queue after MOVE: [5:"ab", 6:"ba"]
[EXPAND] Add to dictionary: "aba" -> code=7
  LRU ADD: code=7 key="aba"
  LRU Queue after ADD: [7:"aba", 5:"ab", 6:"ba"]

[EXPAND] Read code=3 (W=3, nextCode=8)
[EXPAND] Code in dictionary: "b"
[EXPAND] Output "b"
[EXPAND] Move PREVIOUS code=5
  LRU MOVE: code=5
  LRU Queue after MOVE: [5:"ab", 7:"aba", 6:"ba"]
[EXPAND] Dictionary FULL, evicting LRU entry...
[EXPAND] valPrior="aba", s="b", s[0]='b'
  LRU EVICT: code=6 key="ba"
  LRU Queue after EVICT: [5:"ab", 7:"aba"]
[EXPAND] Evicted code=6 (was "ba")
[EXPAND] Reuse code=6 for "abab"
  LRU ADD: code=6 key="abab"
  LRU Queue after ADD: [6:"abab", 5:"ab", 7:"aba"]

[EXPAND] Read code=2 (W=3, nextCode=8)
[EXPAND] Code in dictionary: "a"
[EXPAND] Output "a"
[EXPAND] Move PREVIOUS code=3
[EXPAND] Dictionary FULL, evicting LRU entry...
[EXPAND] valPrior="b", s="a", s[0]='a'
  LRU EVICT: code=7 key="aba"
  LRU Queue after EVICT: [6:"abab", 5:"ab"]
[EXPAND] Evicted code=7 (was "aba")
[EXPAND] Reuse code=7 for "ba"
  LRU ADD: code=7 key="ba"
  LRU Queue after ADD: [7:"ba", 6:"abab", 5:"ab"]

[EXPAND] Read code=5 (W=3, nextCode=8)
[EXPAND] Code in dictionary: "ab"
[EXPAND] Output "ab"
[EXPAND] Move PREVIOUS code=2
[EXPAND] Dictionary FULL, evicting LRU entry...
[EXPAND] valPrior="a", s="ab", s[0]='a'
  LRU EVICT: code=5 key="ab"
  LRU Queue after EVICT: [7:"ba", 6:"abab"]
[EXPAND] Evicted code=5 (was "ab")
[EXPAND] Reuse code=5 for "aa"
  LRU ADD: code=5 key="aa"
  LRU Queue after ADD: [5:"aa", 7:"ba", 6:"abab"]

[EXPAND] Read code=6 (W=3, nextCode=8)
[EXPAND] Code in dictionary: "abab"
[EXPAND] Output "abab"
[EXPAND] Move PREVIOUS code=5
  LRU MOVE: code=5
  LRU MOVE: already at head (no-op)
[EXPAND] Dictionary FULL, evicting LRU entry...
[EXPAND] valPrior="ab", s="abab", s[0]='a'
  LRU EVICT: code=6 key="abab"
  LRU Queue after EVICT: [5:"aa", 7:"ba"]
[EXPAND] Evicted code=6 (was "abab")
[EXPAND] Reuse code=6 for "aba"
  LRU ADD: code=6 key="aba"
  LRU Queue after ADD: [6:"aba", 5:"aa", 7:"ba"]

[EXPAND] Read code=2 (W=3, nextCode=8)
[EXPAND] Code in dictionary: "a"
[EXPAND] Output "a"
[EXPAND] Move PREVIOUS code=6
  LRU MOVE: code=6
  LRU MOVE: already at head (no-op)
[EXPAND] Dictionary FULL, evicting LRU entry...
[EXPAND] valPrior="abab", s="a", s[0]='a'
  LRU EVICT: code=7 key="ba"
  LRU Queue after EVICT: [6:"aba", 5:"aa"]
[EXPAND] Evicted code=7 (was "ba")
[EXPAND] Reuse code=7 for "ababa"
  LRU ADD: code=7 key="ababa"
  LRU Queue after ADD: [7:"ababa", 6:"aba", 5:"aa"]

[EXPAND] Read code=3 (W=3, nextCode=8)
[EXPAND] Code in dictionary: "b"
[EXPAND] Output "b"
[EXPAND] Move PREVIOUS code=2
[EXPAND] Dictionary FULL, evicting LRU entry...
[EXPAND] valPrior="a", s="b", s[0]='b'
  LRU EVICT: code=5 key="aa"
  LRU Queue after EVICT: [7:"ababa", 6:"aba"]
[EXPAND] Evicted code=5 (was "aa")
[EXPAND] Reuse code=5 for "ab"
  LRU ADD: code=5 key="ab"
  LRU Queue after ADD: [5:"ab", 7:"ababa", 6:"aba"]

[EXPAND] Read code=4 (W=3, nextCode=8)
[EXPAND] EOF reached

=== DECOMPRESSION COMPLETE ===

