=== DECOMPRESSION DEBUG MODE ===
Alphabet size: 4
minW: 3, maxW: 3, maxCode: 8

[EXPAND] Read FIRST code=2 (W=3)
[EXPAND] Output "a"

[EXPAND] Read code=3 (W=3, nextCode=5)
[EXPAND] Code in dictionary: "b"
[EXPAND] Output "b"
[EXPAND] Move PRIOR code=2 to head (one-step-behind fix)
[EXPAND] Add to dictionary: "ab" -> code=5
  LRU ADD: code=5 key="ab"
  LRU Queue after ADD: [5:"ab"]

[EXPAND] Read code=5 (W=3, nextCode=6)
[EXPAND] Code in dictionary: "ab"
[EXPAND] Output "ab"
[EXPAND] Move PRIOR code=3 to head (one-step-behind fix)
[EXPAND] Add to dictionary: "ba" -> code=6
  LRU ADD: code=6 key="ba"
  LRU Queue after ADD: [6:"ba", 5:"ab"]

[EXPAND] Read code=7 (W=3, nextCode=7)
[EXPAND] Special case (code==nextCode): s = valPrior + valPrior[0] = "aba"
[EXPAND] Output "aba"
[EXPAND] Move PRIOR code=5 to head (one-step-behind fix)
  LRU MOVE: code=5
  LRU Queue after MOVE: [5:"ab", 6:"ba"]
[EXPAND] Add to dictionary: "aba" -> code=7
  LRU ADD: code=7 key="aba"
  LRU Queue after ADD: [7:"aba", 5:"ab", 6:"ba"]

[EXPAND] Read code=3 (W=3, nextCode=8)
[EXPAND] Code in dictionary: "b"
[EXPAND] Output "b"
[EXPAND] Move PRIOR code=7 to head (one-step-behind fix)
  LRU MOVE: code=7
  LRU MOVE: already at head (no-op)
[EXPAND] Dictionary FULL, evicting LRU entry...
[EXPAND] valPrior="aba", s="b", s[0]='b'
  LRU EVICT: code=6 key="ba"
  LRU Queue after EVICT: [7:"aba", 5:"ab"]
[EXPAND] Evicted code=6 (was "ba")
[EXPAND] Calculated newEntry = valPrior + s[0] = "aba" + 'b' = "abab"
[EXPAND] Reuse code=6 for "abab"
  LRU ADD: code=6 key="abab"
  LRU Queue after ADD: [6:"abab", 7:"aba", 5:"ab"]

[EXPAND] Read code=4 (W=3, nextCode=8)
[EXPAND] EOF reached

=== DECOMPRESSION COMPLETE ===

